<?xml version="1.0" encoding="UTF-8"?>
<testng-results skipped="0" failed="0" ignored="0" total="0" passed="0">
  <reporter-output>
  </reporter-output>
  <suite name="testsuite" duration-ms="287" started-at="2023-07-15T22:37:33 BST" finished-at="2023-07-15T22:37:33 BST">
    <groups>
    </groups>
    <test name="Login Test" duration-ms="287" started-at="2023-07-15T22:37:33 BST" finished-at="2023-07-15T22:37:33 BST">
    </test> <!-- Login Test -->
  </suite> <!-- testsuite -->
</testng-results>
